<?xml version="1.0" encoding="UTF-8"?>
<!-- Generated by org.testng.reporters.JUnitReportReporter -->
<testsuite hostname="DESKTOP-JJ924JH" failures="0" tests="1" name="cucumberOptions.TestNGTestRunner" time="14.674" errors="0" timestamp="2025-07-23T12:05:28 ICT" skipped="0">
  <testcase classname="cucumberOptions.TestNGTestRunner" name="runScenario" time="14.674"/>
</testsuite> <!-- cucumberOptions.TestNGTestRunner -->
