<?xml version="1.0" encoding="UTF-8"?>
<!-- Generated by org.testng.reporters.JUnitReportReporter -->
<testsuite hostname="DESKTOP-JJ924JH" failures="0" tests="7" name="cucumberOptions.TestNGRunner" time="0.402" errors="0" timestamp="2025-07-22T12:36:29 ICT" skipped="0">
  <testcase classname="cucumberOptions.TestNGRunner" name="runScenario" time="0.040"/>
  <testcase classname="cucumberOptions.TestNGRunner" name="runScenario" time="0.019"/>
  <testcase classname="cucumberOptions.TestNGRunner" name="runScenario" time="0.015"/>
  <testcase classname="cucumberOptions.TestNGRunner" name="runScenario" time="0.188"/>
  <testcase classname="cucumberOptions.TestNGRunner" name="runScenario" time="0.051"/>
  <testcase classname="cucumberOptions.TestNGRunner" name="runScenario" time="0.025"/>
  <testcase classname="cucumberOptions.TestNGRunner" name="runScenario" time="0.064"/>
</testsuite> <!-- cucumberOptions.TestNGRunner -->
