<?xml version="1.0" encoding="UTF-8"?>
<!-- Generated by org.testng.reporters.JUnitReportReporter -->
<testsuite hostname="DESKTOP-JJ924JH" failures="0" tests="1" name="cucumberOptions.TestNGTestRunner" time="10.267" errors="0" timestamp="2025-07-24T22:52:21 ICT" skipped="0">
  <testcase classname="cucumberOptions.TestNGTestRunner" name="runScenario" time="10.267"/>
  <system-out/>
</testsuite> <!-- cucumberOptions.TestNGTestRunner -->
